Copyright 1986-2022 Xilinx, Inc. All Rights Reserved. Copyright 2022-2023 Advanced Micro Devices, Inc. All Rights Reserved.
-----------------------------------------------------------------------------------------------------------------------------------------------
| Tool Version : Vivado v.2023.2 (win64) Build 4029153 Fri Oct 13 20:14:34 MDT 2023
| Date         : Thu Mar 14 17:07:33 2024
| Host         : SCARFACE running 64-bit major release  (build 9200)
| Command      : report_methodology -file RAM_methodology_drc_routed.rpt -pb RAM_methodology_drc_routed.pb -rpx RAM_methodology_drc_routed.rpx
| Design       : RAM
| Device       : xc7k70tfbv676-1
| Speed File   : -1
| Design State : Fully Routed
-----------------------------------------------------------------------------------------------------------------------------------------------

Report Methodology

Table of Contents
-----------------
1. REPORT SUMMARY
2. REPORT DETAILS

1. REPORT SUMMARY
-----------------
            Netlist: netlist
          Floorplan: design_1
      Design limits: <entire design considered>
             Max violations: <unlimited>
             Violations found: 64
+-----------+----------+--------------------------+------------+
| Rule      | Severity | Description              | Violations |
+-----------+----------+--------------------------+------------+
| TIMING-23 | Warning  | Combinational loop found | 64         |
+-----------+----------+--------------------------+------------+

2. REPORT DETAILS
-----------------
TIMING-23#1 Warning
Combinational loop found  
A timing loop has been detected on a combinational path. A timing arc has been disabled between output_data_OBUF[0]_inst_i_10/I0 and output_data_OBUF[0]_inst_i_10/O to disable the timing loop
Related violations: <none>

TIMING-23#2 Warning
Combinational loop found  
A timing loop has been detected on a combinational path. A timing arc has been disabled between output_data_OBUF[0]_inst_i_11/I0 and output_data_OBUF[0]_inst_i_11/O to disable the timing loop
Related violations: <none>

TIMING-23#3 Warning
Combinational loop found  
A timing loop has been detected on a combinational path. A timing arc has been disabled between output_data_OBUF[0]_inst_i_12/I0 and output_data_OBUF[0]_inst_i_12/O to disable the timing loop
Related violations: <none>

TIMING-23#4 Warning
Combinational loop found  
A timing loop has been detected on a combinational path. A timing arc has been disabled between output_data_OBUF[0]_inst_i_13/I0 and output_data_OBUF[0]_inst_i_13/O to disable the timing loop
Related violations: <none>

TIMING-23#5 Warning
Combinational loop found  
A timing loop has been detected on a combinational path. A timing arc has been disabled between output_data_OBUF[0]_inst_i_14/I0 and output_data_OBUF[0]_inst_i_14/O to disable the timing loop
Related violations: <none>

TIMING-23#6 Warning
Combinational loop found  
A timing loop has been detected on a combinational path. A timing arc has been disabled between output_data_OBUF[0]_inst_i_15/I0 and output_data_OBUF[0]_inst_i_15/O to disable the timing loop
Related violations: <none>

TIMING-23#7 Warning
Combinational loop found  
A timing loop has been detected on a combinational path. A timing arc has been disabled between output_data_OBUF[0]_inst_i_16/I0 and output_data_OBUF[0]_inst_i_16/O to disable the timing loop
Related violations: <none>

TIMING-23#8 Warning
Combinational loop found  
A timing loop has been detected on a combinational path. A timing arc has been disabled between output_data_OBUF[0]_inst_i_17/I0 and output_data_OBUF[0]_inst_i_17/O to disable the timing loop
Related violations: <none>

TIMING-23#9 Warning
Combinational loop found  
A timing loop has been detected on a combinational path. A timing arc has been disabled between output_data_OBUF[0]_inst_i_18/I0 and output_data_OBUF[0]_inst_i_18/O to disable the timing loop
Related violations: <none>

TIMING-23#10 Warning
Combinational loop found  
A timing loop has been detected on a combinational path. A timing arc has been disabled between output_data_OBUF[0]_inst_i_19/I0 and output_data_OBUF[0]_inst_i_19/O to disable the timing loop
Related violations: <none>

TIMING-23#11 Warning
Combinational loop found  
A timing loop has been detected on a combinational path. A timing arc has been disabled between output_data_OBUF[0]_inst_i_20/I0 and output_data_OBUF[0]_inst_i_20/O to disable the timing loop
Related violations: <none>

TIMING-23#12 Warning
Combinational loop found  
A timing loop has been detected on a combinational path. A timing arc has been disabled between output_data_OBUF[0]_inst_i_21/I0 and output_data_OBUF[0]_inst_i_21/O to disable the timing loop
Related violations: <none>

TIMING-23#13 Warning
Combinational loop found  
A timing loop has been detected on a combinational path. A timing arc has been disabled between output_data_OBUF[0]_inst_i_22/I0 and output_data_OBUF[0]_inst_i_22/O to disable the timing loop
Related violations: <none>

TIMING-23#14 Warning
Combinational loop found  
A timing loop has been detected on a combinational path. A timing arc has been disabled between output_data_OBUF[0]_inst_i_23/I0 and output_data_OBUF[0]_inst_i_23/O to disable the timing loop
Related violations: <none>

TIMING-23#15 Warning
Combinational loop found  
A timing loop has been detected on a combinational path. A timing arc has been disabled between output_data_OBUF[0]_inst_i_8/I0 and output_data_OBUF[0]_inst_i_8/O to disable the timing loop
Related violations: <none>

TIMING-23#16 Warning
Combinational loop found  
A timing loop has been detected on a combinational path. A timing arc has been disabled between output_data_OBUF[0]_inst_i_9/I0 and output_data_OBUF[0]_inst_i_9/O to disable the timing loop
Related violations: <none>

TIMING-23#17 Warning
Combinational loop found  
A timing loop has been detected on a combinational path. A timing arc has been disabled between output_data_OBUF[1]_inst_i_10/I0 and output_data_OBUF[1]_inst_i_10/O to disable the timing loop
Related violations: <none>

TIMING-23#18 Warning
Combinational loop found  
A timing loop has been detected on a combinational path. A timing arc has been disabled between output_data_OBUF[1]_inst_i_11/I0 and output_data_OBUF[1]_inst_i_11/O to disable the timing loop
Related violations: <none>

TIMING-23#19 Warning
Combinational loop found  
A timing loop has been detected on a combinational path. A timing arc has been disabled between output_data_OBUF[1]_inst_i_12/I0 and output_data_OBUF[1]_inst_i_12/O to disable the timing loop
Related violations: <none>

TIMING-23#20 Warning
Combinational loop found  
A timing loop has been detected on a combinational path. A timing arc has been disabled between output_data_OBUF[1]_inst_i_13/I0 and output_data_OBUF[1]_inst_i_13/O to disable the timing loop
Related violations: <none>

TIMING-23#21 Warning
Combinational loop found  
A timing loop has been detected on a combinational path. A timing arc has been disabled between output_data_OBUF[1]_inst_i_14/I0 and output_data_OBUF[1]_inst_i_14/O to disable the timing loop
Related violations: <none>

TIMING-23#22 Warning
Combinational loop found  
A timing loop has been detected on a combinational path. A timing arc has been disabled between output_data_OBUF[1]_inst_i_15/I0 and output_data_OBUF[1]_inst_i_15/O to disable the timing loop
Related violations: <none>

TIMING-23#23 Warning
Combinational loop found  
A timing loop has been detected on a combinational path. A timing arc has been disabled between output_data_OBUF[1]_inst_i_16/I0 and output_data_OBUF[1]_inst_i_16/O to disable the timing loop
Related violations: <none>

TIMING-23#24 Warning
Combinational loop found  
A timing loop has been detected on a combinational path. A timing arc has been disabled between output_data_OBUF[1]_inst_i_17/I0 and output_data_OBUF[1]_inst_i_17/O to disable the timing loop
Related violations: <none>

TIMING-23#25 Warning
Combinational loop found  
A timing loop has been detected on a combinational path. A timing arc has been disabled between output_data_OBUF[1]_inst_i_18/I0 and output_data_OBUF[1]_inst_i_18/O to disable the timing loop
Related violations: <none>

TIMING-23#26 Warning
Combinational loop found  
A timing loop has been detected on a combinational path. A timing arc has been disabled between output_data_OBUF[1]_inst_i_19/I0 and output_data_OBUF[1]_inst_i_19/O to disable the timing loop
Related violations: <none>

TIMING-23#27 Warning
Combinational loop found  
A timing loop has been detected on a combinational path. A timing arc has been disabled between output_data_OBUF[1]_inst_i_20/I0 and output_data_OBUF[1]_inst_i_20/O to disable the timing loop
Related violations: <none>

TIMING-23#28 Warning
Combinational loop found  
A timing loop has been detected on a combinational path. A timing arc has been disabled between output_data_OBUF[1]_inst_i_21/I0 and output_data_OBUF[1]_inst_i_21/O to disable the timing loop
Related violations: <none>

TIMING-23#29 Warning
Combinational loop found  
A timing loop has been detected on a combinational path. A timing arc has been disabled between output_data_OBUF[1]_inst_i_22/I0 and output_data_OBUF[1]_inst_i_22/O to disable the timing loop
Related violations: <none>

TIMING-23#30 Warning
Combinational loop found  
A timing loop has been detected on a combinational path. A timing arc has been disabled between output_data_OBUF[1]_inst_i_23/I0 and output_data_OBUF[1]_inst_i_23/O to disable the timing loop
Related violations: <none>

TIMING-23#31 Warning
Combinational loop found  
A timing loop has been detected on a combinational path. A timing arc has been disabled between output_data_OBUF[1]_inst_i_8/I0 and output_data_OBUF[1]_inst_i_8/O to disable the timing loop
Related violations: <none>

TIMING-23#32 Warning
Combinational loop found  
A timing loop has been detected on a combinational path. A timing arc has been disabled between output_data_OBUF[1]_inst_i_9/I0 and output_data_OBUF[1]_inst_i_9/O to disable the timing loop
Related violations: <none>

TIMING-23#33 Warning
Combinational loop found  
A timing loop has been detected on a combinational path. A timing arc has been disabled between output_data_OBUF[2]_inst_i_10/I0 and output_data_OBUF[2]_inst_i_10/O to disable the timing loop
Related violations: <none>

TIMING-23#34 Warning
Combinational loop found  
A timing loop has been detected on a combinational path. A timing arc has been disabled between output_data_OBUF[2]_inst_i_11/I0 and output_data_OBUF[2]_inst_i_11/O to disable the timing loop
Related violations: <none>

TIMING-23#35 Warning
Combinational loop found  
A timing loop has been detected on a combinational path. A timing arc has been disabled between output_data_OBUF[2]_inst_i_12/I0 and output_data_OBUF[2]_inst_i_12/O to disable the timing loop
Related violations: <none>

TIMING-23#36 Warning
Combinational loop found  
A timing loop has been detected on a combinational path. A timing arc has been disabled between output_data_OBUF[2]_inst_i_13/I0 and output_data_OBUF[2]_inst_i_13/O to disable the timing loop
Related violations: <none>

TIMING-23#37 Warning
Combinational loop found  
A timing loop has been detected on a combinational path. A timing arc has been disabled between output_data_OBUF[2]_inst_i_14/I0 and output_data_OBUF[2]_inst_i_14/O to disable the timing loop
Related violations: <none>

TIMING-23#38 Warning
Combinational loop found  
A timing loop has been detected on a combinational path. A timing arc has been disabled between output_data_OBUF[2]_inst_i_15/I0 and output_data_OBUF[2]_inst_i_15/O to disable the timing loop
Related violations: <none>

TIMING-23#39 Warning
Combinational loop found  
A timing loop has been detected on a combinational path. A timing arc has been disabled between output_data_OBUF[2]_inst_i_16/I0 and output_data_OBUF[2]_inst_i_16/O to disable the timing loop
Related violations: <none>

TIMING-23#40 Warning
Combinational loop found  
A timing loop has been detected on a combinational path. A timing arc has been disabled between output_data_OBUF[2]_inst_i_17/I0 and output_data_OBUF[2]_inst_i_17/O to disable the timing loop
Related violations: <none>

TIMING-23#41 Warning
Combinational loop found  
A timing loop has been detected on a combinational path. A timing arc has been disabled between output_data_OBUF[2]_inst_i_18/I0 and output_data_OBUF[2]_inst_i_18/O to disable the timing loop
Related violations: <none>

TIMING-23#42 Warning
Combinational loop found  
A timing loop has been detected on a combinational path. A timing arc has been disabled between output_data_OBUF[2]_inst_i_19/I0 and output_data_OBUF[2]_inst_i_19/O to disable the timing loop
Related violations: <none>

TIMING-23#43 Warning
Combinational loop found  
A timing loop has been detected on a combinational path. A timing arc has been disabled between output_data_OBUF[2]_inst_i_20/I0 and output_data_OBUF[2]_inst_i_20/O to disable the timing loop
Related violations: <none>

TIMING-23#44 Warning
Combinational loop found  
A timing loop has been detected on a combinational path. A timing arc has been disabled between output_data_OBUF[2]_inst_i_21/I0 and output_data_OBUF[2]_inst_i_21/O to disable the timing loop
Related violations: <none>

TIMING-23#45 Warning
Combinational loop found  
A timing loop has been detected on a combinational path. A timing arc has been disabled between output_data_OBUF[2]_inst_i_22/I0 and output_data_OBUF[2]_inst_i_22/O to disable the timing loop
Related violations: <none>

TIMING-23#46 Warning
Combinational loop found  
A timing loop has been detected on a combinational path. A timing arc has been disabled between output_data_OBUF[2]_inst_i_23/I0 and output_data_OBUF[2]_inst_i_23/O to disable the timing loop
Related violations: <none>

TIMING-23#47 Warning
Combinational loop found  
A timing loop has been detected on a combinational path. A timing arc has been disabled between output_data_OBUF[2]_inst_i_8/I0 and output_data_OBUF[2]_inst_i_8/O to disable the timing loop
Related violations: <none>

TIMING-23#48 Warning
Combinational loop found  
A timing loop has been detected on a combinational path. A timing arc has been disabled between output_data_OBUF[2]_inst_i_9/I0 and output_data_OBUF[2]_inst_i_9/O to disable the timing loop
Related violations: <none>

TIMING-23#49 Warning
Combinational loop found  
A timing loop has been detected on a combinational path. A timing arc has been disabled between output_data_OBUF[3]_inst_i_11/I0 and output_data_OBUF[3]_inst_i_11/O to disable the timing loop
Related violations: <none>

TIMING-23#50 Warning
Combinational loop found  
A timing loop has been detected on a combinational path. A timing arc has been disabled between output_data_OBUF[3]_inst_i_12/I0 and output_data_OBUF[3]_inst_i_12/O to disable the timing loop
Related violations: <none>

TIMING-23#51 Warning
Combinational loop found  
A timing loop has been detected on a combinational path. A timing arc has been disabled between output_data_OBUF[3]_inst_i_15/I0 and output_data_OBUF[3]_inst_i_15/O to disable the timing loop
Related violations: <none>

TIMING-23#52 Warning
Combinational loop found  
A timing loop has been detected on a combinational path. A timing arc has been disabled between output_data_OBUF[3]_inst_i_17/I0 and output_data_OBUF[3]_inst_i_17/O to disable the timing loop
Related violations: <none>

TIMING-23#53 Warning
Combinational loop found  
A timing loop has been detected on a combinational path. A timing arc has been disabled between output_data_OBUF[3]_inst_i_18/I0 and output_data_OBUF[3]_inst_i_18/O to disable the timing loop
Related violations: <none>

TIMING-23#54 Warning
Combinational loop found  
A timing loop has been detected on a combinational path. A timing arc has been disabled between output_data_OBUF[3]_inst_i_21/I0 and output_data_OBUF[3]_inst_i_21/O to disable the timing loop
Related violations: <none>

TIMING-23#55 Warning
Combinational loop found  
A timing loop has been detected on a combinational path. A timing arc has been disabled between output_data_OBUF[3]_inst_i_23/I0 and output_data_OBUF[3]_inst_i_23/O to disable the timing loop
Related violations: <none>

TIMING-23#56 Warning
Combinational loop found  
A timing loop has been detected on a combinational path. A timing arc has been disabled between output_data_OBUF[3]_inst_i_24/I0 and output_data_OBUF[3]_inst_i_24/O to disable the timing loop
Related violations: <none>

TIMING-23#57 Warning
Combinational loop found  
A timing loop has been detected on a combinational path. A timing arc has been disabled between output_data_OBUF[3]_inst_i_27/I0 and output_data_OBUF[3]_inst_i_27/O to disable the timing loop
Related violations: <none>

TIMING-23#58 Warning
Combinational loop found  
A timing loop has been detected on a combinational path. A timing arc has been disabled between output_data_OBUF[3]_inst_i_29/I0 and output_data_OBUF[3]_inst_i_29/O to disable the timing loop
Related violations: <none>

TIMING-23#59 Warning
Combinational loop found  
A timing loop has been detected on a combinational path. A timing arc has been disabled between output_data_OBUF[3]_inst_i_30/I0 and output_data_OBUF[3]_inst_i_30/O to disable the timing loop
Related violations: <none>

TIMING-23#60 Warning
Combinational loop found  
A timing loop has been detected on a combinational path. A timing arc has been disabled between output_data_OBUF[3]_inst_i_34/I0 and output_data_OBUF[3]_inst_i_34/O to disable the timing loop
Related violations: <none>

TIMING-23#61 Warning
Combinational loop found  
A timing loop has been detected on a combinational path. A timing arc has been disabled between output_data_OBUF[3]_inst_i_36/I0 and output_data_OBUF[3]_inst_i_36/O to disable the timing loop
Related violations: <none>

TIMING-23#62 Warning
Combinational loop found  
A timing loop has been detected on a combinational path. A timing arc has been disabled between output_data_OBUF[3]_inst_i_38/I0 and output_data_OBUF[3]_inst_i_38/O to disable the timing loop
Related violations: <none>

TIMING-23#63 Warning
Combinational loop found  
A timing loop has been detected on a combinational path. A timing arc has been disabled between output_data_OBUF[3]_inst_i_39/I0 and output_data_OBUF[3]_inst_i_39/O to disable the timing loop
Related violations: <none>

TIMING-23#64 Warning
Combinational loop found  
A timing loop has been detected on a combinational path. A timing arc has been disabled between output_data_OBUF[3]_inst_i_9/I0 and output_data_OBUF[3]_inst_i_9/O to disable the timing loop
Related violations: <none>


